2016-09-06 10:31:15,054 [main] INFO  com.cygnet.ourdrive.OurDriveService - Started monitoring folder: C:\Users\Cygnet Cloud\Desktop\Cygnet Cloud Folder Upload
2016-09-06 10:31:15,070 [main] INFO  com.cygnet.ourdrive.OurDriveService - Started monitoring folder: C:\Users\Cygnet Cloud\Desktop\Cygnet Cloud Intray
2016-09-06 10:31:15,070 [main] INFO  com.cygnet.ourdrive.OurDriveService - Loading systray item
2016-09-06 10:31:15,243 [main] INFO  com.cygnet.ourdrive.OurDriveService - Checking download folder path: C:\Users\Cygnet Cloud\.ourdrive\ourdrive_downloads
2016-09-06 10:31:15,258 [main] INFO  com.cygnet.ourdrive.OurDriveService - OurDrive service started
2016-09-06 10:31:15,258 [main] INFO  com.cygnet.ourdrive.OurDriveService - SSL Socket Server URL: http://89.31.96.228:40644
2016-09-06 10:31:15,946 [EventThread] INFO  com.cygnet.ourdrive.OurDriveService - Successful connected to websocket: http://89.31.96.228:40644 to room: 4d555fcf-cc37-4db7-8878-80973cff5ae0
2016-09-06 10:31:15,946 [EventThread] INFO  com.cygnet.ourdrive.OurDriveService - Your are working on a 'windows 10' machine
2016-09-06 10:31:15,977 [EventThread] INFO  com.cygnet.ourdrive.OurDriveService - Hello /#MOOzrK_SETbfksmmAAES. You are now connected to socket server.
2016-09-06 10:31:16,040 [EventThread] INFO  com.cygnet.ourdrive.OurDriveService - Hello OurDrive Client APP. You are now connected to room: '4d555fcf-cc37-4db7-8878-80973cff5ae0'.
2016-09-06 10:32:04,633 [EventThread] INFO  com.cygnet.ourdrive.OurDriveService - Successfully saved: C:\Users\Cygnet Cloud\.ourdrive\ourdrive_downloads\2005_04_14_sadcsfs-uuu.doc
2016-09-06 10:32:04,652 [EventThread] INFO  com.cygnet.ourdrive.OurDriveService - Successfully saved JSON Object to: C:\Users\Cygnet Cloud\.ourdrive\ourdrive_downloads\.2005_04_14_sadcsfs-uuu.doc.json
2016-09-06 10:32:04,659 [Thread-24] INFO  com.cygnet.ourdrive.OurDriveService - Set file watcher service to: C:\Users\Cygnet Cloud\.ourdrive\ourdrive_downloads
2016-09-06 10:32:04,659 [Thread-24] INFO  com.cygnet.ourdrive.OurDriveService - Started file watcher service: DownloadFileWatcher with ID: 42
2016-09-06 10:32:04,659 [Thread-24] INFO  com.cygnet.ourdrive.OurDriveService - Trying to start command: cmd.exe /c cd C:\Users\Cygnet Cloud\.ourdrive\ourdrive_downloads && start 2005_04_14_sadcsfs-uuu.doc
2016-09-06 10:32:05,810 [DownloadFileWatcher] INFO  com.cygnet.ourdrive.OurDriveService - No modify action for: C:\Users\Cygnet Cloud\.ourdrive\ourdrive_downloads\~$05_04_14_sadcsfs-uuu.doc
2016-09-06 10:32:06,971 [Thread-24] INFO  com.cygnet.ourdrive.OurDriveService - Opening file C:\Users\Cygnet Cloud\.ourdrive\ourdrive_downloads\2005_04_14_sadcsfs-uuu.doc with an application was successful.
2016-09-06 10:32:11,430 [Thread-24] INFO  com.cygnet.ourdrive.OurDriveService - Initial values:
2016-09-06 10:32:11,446 [Thread-24] INFO  com.cygnet.ourdrive.OurDriveService - Key: 6052, -> Value: C:\Users\Cygnet Cloud\.ourdrive\ourdrive_downloads\2005_04_14_sadcsfs-uuu.doc
2016-09-06 10:32:13,664 [Thread-24] INFO  com.cygnet.ourdrive.OurDriveService - Actual process list values:
2016-09-06 10:32:13,664 [Thread-24] INFO  com.cygnet.ourdrive.OurDriveService - Key: 6052, -> Value: C:\Users\Cygnet Cloud\.ourdrive\ourdrive_downloads\2005_04_14_sadcsfs-uuu.doc
2016-09-06 10:32:13,664 [Thread-24] INFO  com.cygnet.ourdrive.OurDriveService - titleDocument: 2005_04_14_sadcsfs-uuu [Compatibility Mode] - Microsoft Word"
2016-09-06 10:32:13,664 [Thread-24] INFO  com.cygnet.ourdrive.OurDriveService - titleNotAvailable: 
2016-09-06 10:32:13,664 [Thread-24] INFO  com.cygnet.ourdrive.OurDriveService - titleOnlyFileClosed: 
2016-09-06 10:32:15,900 [Thread-24] INFO  com.cygnet.ourdrive.OurDriveService - Actual process list values:
2016-09-06 10:32:15,900 [Thread-24] INFO  com.cygnet.ourdrive.OurDriveService - Key: 6052, -> Value: C:\Users\Cygnet Cloud\.ourdrive\ourdrive_downloads\2005_04_14_sadcsfs-uuu.doc
2016-09-06 10:32:15,900 [Thread-24] INFO  com.cygnet.ourdrive.OurDriveService - titleDocument: 2005_04_14_sadcsfs-uuu [Compatibility Mode] - Microsoft Word"
2016-09-06 10:32:15,900 [Thread-24] INFO  com.cygnet.ourdrive.OurDriveService - titleNotAvailable: 
2016-09-06 10:32:15,900 [Thread-24] INFO  com.cygnet.ourdrive.OurDriveService - titleOnlyFileClosed: 
2016-09-06 10:32:18,150 [Thread-24] INFO  com.cygnet.ourdrive.OurDriveService - Actual process list values:
2016-09-06 10:32:18,150 [Thread-24] INFO  com.cygnet.ourdrive.OurDriveService - Key: 6052, -> Value: C:\Users\Cygnet Cloud\.ourdrive\ourdrive_downloads\2005_04_14_sadcsfs-uuu.doc
2016-09-06 10:32:18,150 [Thread-24] INFO  com.cygnet.ourdrive.OurDriveService - titleDocument: 2005_04_14_sadcsfs-uuu [Compatibility Mode] - Microsoft Word"
2016-09-06 10:32:18,166 [Thread-24] INFO  com.cygnet.ourdrive.OurDriveService - titleNotAvailable: 
2016-09-06 10:32:18,166 [Thread-24] INFO  com.cygnet.ourdrive.OurDriveService - titleOnlyFileClosed: 
2016-09-06 10:32:20,552 [Thread-24] INFO  com.cygnet.ourdrive.OurDriveService - Actual process list values:
2016-09-06 10:32:20,552 [Thread-24] INFO  com.cygnet.ourdrive.OurDriveService - Key: 6052, -> Value: C:\Users\Cygnet Cloud\.ourdrive\ourdrive_downloads\2005_04_14_sadcsfs-uuu.doc
2016-09-06 10:32:20,552 [Thread-24] INFO  com.cygnet.ourdrive.OurDriveService - titleDocument: 2005_04_14_sadcsfs-uuu [Compatibility Mode] - Microsoft Word"
2016-09-06 10:32:20,552 [Thread-24] INFO  com.cygnet.ourdrive.OurDriveService - titleNotAvailable: 
2016-09-06 10:32:20,552 [Thread-24] INFO  com.cygnet.ourdrive.OurDriveService - titleOnlyFileClosed: 
2016-09-06 10:32:22,771 [Thread-24] INFO  com.cygnet.ourdrive.OurDriveService - Actual process list values:
2016-09-06 10:32:22,771 [Thread-24] INFO  com.cygnet.ourdrive.OurDriveService - Key: 6052, -> Value: C:\Users\Cygnet Cloud\.ourdrive\ourdrive_downloads\2005_04_14_sadcsfs-uuu.doc
2016-09-06 10:32:22,771 [Thread-24] INFO  com.cygnet.ourdrive.OurDriveService - titleDocument: 2005_04_14_sadcsfs-uuu [Compatibility Mode] - Microsoft Word"
2016-09-06 10:32:22,771 [Thread-24] INFO  com.cygnet.ourdrive.OurDriveService - titleNotAvailable: 
2016-09-06 10:32:22,771 [Thread-24] INFO  com.cygnet.ourdrive.OurDriveService - titleOnlyFileClosed: 
2016-09-06 10:32:24,974 [Thread-24] INFO  com.cygnet.ourdrive.OurDriveService - Actual process list values:
2016-09-06 10:32:24,974 [Thread-24] INFO  com.cygnet.ourdrive.OurDriveService - Key: 6052, -> Value: C:\Users\Cygnet Cloud\.ourdrive\ourdrive_downloads\2005_04_14_sadcsfs-uuu.doc
2016-09-06 10:32:24,974 [Thread-24] INFO  com.cygnet.ourdrive.OurDriveService - titleDocument: 2005_04_14_sadcsfs-uuu [Compatibility Mode] - Microsoft Word"
2016-09-06 10:32:24,974 [Thread-24] INFO  com.cygnet.ourdrive.OurDriveService - titleNotAvailable: 
2016-09-06 10:32:24,974 [Thread-24] INFO  com.cygnet.ourdrive.OurDriveService - titleOnlyFileClosed: 
2016-09-06 10:32:27,287 [Thread-24] INFO  com.cygnet.ourdrive.OurDriveService - Actual process list values:
2016-09-06 10:32:27,287 [Thread-24] INFO  com.cygnet.ourdrive.OurDriveService - Key: 6052, -> Value: C:\Users\Cygnet Cloud\.ourdrive\ourdrive_downloads\2005_04_14_sadcsfs-uuu.doc
2016-09-06 10:32:27,287 [Thread-24] INFO  com.cygnet.ourdrive.OurDriveService - titleDocument: 2005_04_14_sadcsfs-uuu [Compatibility Mode] - Microsoft Word"
2016-09-06 10:32:27,287 [Thread-24] INFO  com.cygnet.ourdrive.OurDriveService - titleNotAvailable: 
2016-09-06 10:32:27,287 [Thread-24] INFO  com.cygnet.ourdrive.OurDriveService - titleOnlyFileClosed: 
2016-09-06 10:32:30,040 [Thread-24] INFO  com.cygnet.ourdrive.OurDriveService - Actual process list values:
2016-09-06 10:32:30,040 [Thread-24] INFO  com.cygnet.ourdrive.OurDriveService - Key: 6052, -> Value: C:\Users\Cygnet Cloud\.ourdrive\ourdrive_downloads\2005_04_14_sadcsfs-uuu.doc
2016-09-06 10:32:30,040 [Thread-24] INFO  com.cygnet.ourdrive.OurDriveService - titleDocument: 2005_04_14_sadcsfs-uuu [Compatibility Mode] - Microsoft Word"
2016-09-06 10:32:30,040 [Thread-24] INFO  com.cygnet.ourdrive.OurDriveService - titleNotAvailable: 
2016-09-06 10:32:30,040 [Thread-24] INFO  com.cygnet.ourdrive.OurDriveService - titleOnlyFileClosed: 
2016-09-06 10:32:32,460 [Thread-24] INFO  com.cygnet.ourdrive.OurDriveService - Actual process list values:
2016-09-06 10:32:32,460 [Thread-24] INFO  com.cygnet.ourdrive.OurDriveService - Key: 6052, -> Value: C:\Users\Cygnet Cloud\.ourdrive\ourdrive_downloads\2005_04_14_sadcsfs-uuu.doc
2016-09-06 10:32:32,460 [Thread-24] INFO  com.cygnet.ourdrive.OurDriveService - titleDocument: 2005_04_14_sadcsfs-uuu [Compatibility Mode] - Microsoft Word"
2016-09-06 10:32:32,460 [Thread-24] INFO  com.cygnet.ourdrive.OurDriveService - titleNotAvailable: 
2016-09-06 10:32:32,460 [Thread-24] INFO  com.cygnet.ourdrive.OurDriveService - titleOnlyFileClosed: 
2016-09-06 10:32:34,647 [Thread-24] INFO  com.cygnet.ourdrive.OurDriveService - Actual process list values:
2016-09-06 10:32:34,663 [Thread-24] INFO  com.cygnet.ourdrive.OurDriveService - Key: 6052, -> Value: C:\Users\Cygnet Cloud\.ourdrive\ourdrive_downloads\2005_04_14_sadcsfs-uuu.doc
2016-09-06 10:32:34,663 [Thread-24] INFO  com.cygnet.ourdrive.OurDriveService - titleDocument: 2005_04_14_sadcsfs-uuu [Compatibility Mode] - Microsoft Word"
2016-09-06 10:32:34,663 [Thread-24] INFO  com.cygnet.ourdrive.OurDriveService - titleNotAvailable: 
2016-09-06 10:32:34,663 [Thread-24] INFO  com.cygnet.ourdrive.OurDriveService - titleOnlyFileClosed: 
2016-09-06 10:32:36,819 [Thread-24] INFO  com.cygnet.ourdrive.OurDriveService - Actual process list values:
2016-09-06 10:32:36,819 [Thread-24] INFO  com.cygnet.ourdrive.OurDriveService - Key: 6052, -> Value: C:\Users\Cygnet Cloud\.ourdrive\ourdrive_downloads\2005_04_14_sadcsfs-uuu.doc
2016-09-06 10:32:36,819 [Thread-24] INFO  com.cygnet.ourdrive.OurDriveService - titleDocument: 2005_04_14_sadcsfs-uuu [Compatibility Mode] - Microsoft Word"
2016-09-06 10:32:36,835 [Thread-24] INFO  com.cygnet.ourdrive.OurDriveService - titleNotAvailable: N/A"
2016-09-06 10:32:36,835 [Thread-24] INFO  com.cygnet.ourdrive.OurDriveService - titleOnlyFileClosed: 
2016-09-06 10:32:39,150 [Thread-24] INFO  com.cygnet.ourdrive.OurDriveService - Actual process list values:
2016-09-06 10:32:39,209 [Thread-24] INFO  com.cygnet.ourdrive.OurDriveService - Key: 6052, -> Value: C:\Users\Cygnet Cloud\.ourdrive\ourdrive_downloads\2005_04_14_sadcsfs-uuu.doc
2016-09-06 10:32:39,211 [Thread-24] INFO  com.cygnet.ourdrive.OurDriveService - titleDocument: 2005_04_14_sadcsfs-uuu [Compatibility Mode] - Microsoft Word"
2016-09-06 10:32:39,212 [Thread-24] INFO  com.cygnet.ourdrive.OurDriveService - titleNotAvailable: N/A"
2016-09-06 10:32:39,213 [Thread-24] INFO  com.cygnet.ourdrive.OurDriveService - titleOnlyFileClosed: 
2016-09-06 10:32:41,389 [Thread-24] INFO  com.cygnet.ourdrive.OurDriveService - Actual process list values:
2016-09-06 10:32:41,389 [Thread-24] INFO  com.cygnet.ourdrive.OurDriveService - Key: 6052, -> Value: C:\Users\Cygnet Cloud\.ourdrive\ourdrive_downloads\2005_04_14_sadcsfs-uuu.doc
2016-09-06 10:32:41,389 [Thread-24] INFO  com.cygnet.ourdrive.OurDriveService - titleDocument: 2005_04_14_sadcsfs-uuu [Compatibility Mode] - Microsoft Word"
2016-09-06 10:32:41,389 [Thread-24] INFO  com.cygnet.ourdrive.OurDriveService - titleNotAvailable: N/A"
2016-09-06 10:32:41,389 [Thread-24] INFO  com.cygnet.ourdrive.OurDriveService - titleOnlyFileClosed: 
2016-09-06 10:32:43,592 [Thread-24] INFO  com.cygnet.ourdrive.OurDriveService - Actual process list values:
2016-09-06 10:32:43,592 [Thread-24] INFO  com.cygnet.ourdrive.OurDriveService - Key: 6052, -> Value: C:\Users\Cygnet Cloud\.ourdrive\ourdrive_downloads\2005_04_14_sadcsfs-uuu.doc
2016-09-06 10:32:43,592 [Thread-24] INFO  com.cygnet.ourdrive.OurDriveService - titleDocument: 2005_04_14_sadcsfs-uuu [Compatibility Mode] - Microsoft Word"
2016-09-06 10:32:43,592 [Thread-24] INFO  com.cygnet.ourdrive.OurDriveService - titleNotAvailable: N/A"
2016-09-06 10:32:43,592 [Thread-24] INFO  com.cygnet.ourdrive.OurDriveService - titleOnlyFileClosed: 
2016-09-06 10:32:45,749 [Thread-24] INFO  com.cygnet.ourdrive.OurDriveService - Actual process list values:
2016-09-06 10:32:45,749 [Thread-24] INFO  com.cygnet.ourdrive.OurDriveService - Key: 6052, -> Value: C:\Users\Cygnet Cloud\.ourdrive\ourdrive_downloads\2005_04_14_sadcsfs-uuu.doc
2016-09-06 10:32:45,749 [Thread-24] INFO  com.cygnet.ourdrive.OurDriveService - titleDocument: 2005_04_14_sadcsfs-uuu [Compatibility Mode] - Microsoft Word"
2016-09-06 10:32:45,749 [Thread-24] INFO  com.cygnet.ourdrive.OurDriveService - titleNotAvailable: 
2016-09-06 10:32:45,749 [Thread-24] INFO  com.cygnet.ourdrive.OurDriveService - titleOnlyFileClosed: 
2016-09-06 10:32:47,932 [Thread-24] INFO  com.cygnet.ourdrive.OurDriveService - Actual process list values:
2016-09-06 10:32:47,932 [Thread-24] INFO  com.cygnet.ourdrive.OurDriveService - Key: 6052, -> Value: C:\Users\Cygnet Cloud\.ourdrive\ourdrive_downloads\2005_04_14_sadcsfs-uuu.doc
2016-09-06 10:32:47,932 [Thread-24] INFO  com.cygnet.ourdrive.OurDriveService - titleDocument: 2005_04_14_sadcsfs-uuu [Compatibility Mode] - Microsoft Word"
2016-09-06 10:32:47,932 [Thread-24] INFO  com.cygnet.ourdrive.OurDriveService - titleNotAvailable: 
2016-09-06 10:32:47,948 [Thread-24] INFO  com.cygnet.ourdrive.OurDriveService - titleOnlyFileClosed: 
2016-09-06 10:32:50,348 [Thread-24] INFO  com.cygnet.ourdrive.OurDriveService - Actual process list values:
2016-09-06 10:32:50,348 [Thread-24] INFO  com.cygnet.ourdrive.OurDriveService - Key: 6052, -> Value: C:\Users\Cygnet Cloud\.ourdrive\ourdrive_downloads\2005_04_14_sadcsfs-uuu.doc
2016-09-06 10:32:50,363 [Thread-24] INFO  com.cygnet.ourdrive.OurDriveService - titleDocument: 2005_04_14_sadcsfs-uuu [Compatibility Mode] - Microsoft Word"
2016-09-06 10:32:50,363 [Thread-24] INFO  com.cygnet.ourdrive.OurDriveService - titleNotAvailable: 
2016-09-06 10:32:50,363 [Thread-24] INFO  com.cygnet.ourdrive.OurDriveService - titleOnlyFileClosed: 
2016-09-06 10:32:52,692 [Thread-24] INFO  com.cygnet.ourdrive.OurDriveService - Actual process list values:
2016-09-06 10:32:52,692 [Thread-24] INFO  com.cygnet.ourdrive.OurDriveService - Key: 6052, -> Value: C:\Users\Cygnet Cloud\.ourdrive\ourdrive_downloads\2005_04_14_sadcsfs-uuu.doc
2016-09-06 10:32:52,692 [Thread-24] INFO  com.cygnet.ourdrive.OurDriveService - titleDocument: 2005_04_14_sadcsfs-uuu [Compatibility Mode] - Microsoft Word"
2016-09-06 10:32:52,692 [Thread-24] INFO  com.cygnet.ourdrive.OurDriveService - titleNotAvailable: N/A"
2016-09-06 10:32:52,692 [Thread-24] INFO  com.cygnet.ourdrive.OurDriveService - titleOnlyFileClosed: 
2016-09-06 10:32:54,848 [Thread-24] INFO  com.cygnet.ourdrive.OurDriveService - Actual process list values:
2016-09-06 10:32:54,848 [Thread-24] INFO  com.cygnet.ourdrive.OurDriveService - Key: 6052, -> Value: C:\Users\Cygnet Cloud\.ourdrive\ourdrive_downloads\2005_04_14_sadcsfs-uuu.doc
2016-09-06 10:32:54,848 [Thread-24] INFO  com.cygnet.ourdrive.OurDriveService - titleDocument: 2005_04_14_sadcsfs-uuu [Compatibility Mode] - Microsoft Word"
2016-09-06 10:32:54,848 [Thread-24] INFO  com.cygnet.ourdrive.OurDriveService - titleNotAvailable: N/A"
2016-09-06 10:32:54,848 [Thread-24] INFO  com.cygnet.ourdrive.OurDriveService - titleOnlyFileClosed: Microsoft Word"
2016-09-06 10:32:54,879 [DownloadFileWatcher] INFO  com.cygnet.ourdrive.OurDriveService - Check if file has a JSON sibling: C:\Users\Cygnet Cloud\.ourdrive\ourdrive_downloads\2005_04_14_sadcsfs-uuu.doc
2016-09-06 10:32:54,879 [DownloadFileWatcher] INFO  com.cygnet.ourdrive.OurDriveService - JSON sibling check OK for: C:\Users\Cygnet Cloud\.ourdrive\ourdrive_downloads\2005_04_14_sadcsfs-uuu.doc
2016-09-06 10:32:54,879 [DownloadFileWatcher] INFO  com.cygnet.ourdrive.OurDriveService - Trying to upload because of save action: C:\Users\Cygnet Cloud\.ourdrive\ourdrive_downloads\2005_04_14_sadcsfs-uuu.doc
2016-09-06 10:32:54,879 [DownloadFileWatcher] WARN  com.cygnet.ourdrive.OurDriveService - C:\Users\Cygnet Cloud\.ourdrive\ourdrive_downloads\2005_04_14_sadcsfs-uuu.doc does not exists anymore.
2016-09-06 10:32:54,879 [Thread-24] INFO  com.cygnet.ourdrive.OurDriveService - C:\Users\Cygnet Cloud\.ourdrive\ourdrive_downloads\2005_04_14_sadcsfs-uuu.doc has been deleted!
2016-09-06 10:32:54,895 [Thread-24] INFO  com.cygnet.ourdrive.OurDriveService - Saved and unlocked file: 2005_04_14_sadcsfs-uuu.doc
2016-09-06 10:32:54,895 [Thread-24] INFO  com.cygnet.ourdrive.OurDriveService - Try to delete: C:\Users\Cygnet Cloud\.ourdrive\ourdrive_downloads\.2005_04_14_sadcsfs-uuu.doc.json
2016-09-06 10:32:54,895 [DownloadFileWatcher] INFO  com.cygnet.ourdrive.OurDriveService - No modify action for: C:\Users\Cygnet Cloud\.ourdrive\ourdrive_downloads\.2005_04_14_sadcsfs-uuu.doc.json
2016-09-06 10:32:54,895 [Thread-24] ERROR com.cygnet.ourdrive.OurDriveService - Delete operation is failed for C:\Users\Cygnet Cloud\.ourdrive\ourdrive_downloads\.2005_04_14_sadcsfs-uuu.doc.json
2016-09-06 10:32:54,895 [Thread-24] INFO  com.cygnet.ourdrive.OurDriveService - SFW thread has been interrupted
2016-09-06 10:32:54,895 [Thread-24] INFO  com.cygnet.ourdrive.OurDriveService - Process watcher has been stopped because application has been closed
2016-09-06 10:32:54,895 [Thread-24] WARN  com.cygnet.ourdrive.OurDriveService - Get process information failed: ProcessWatcher has been stopped
2016-09-06 10:33:07,016 [AWT-EventQueue-0] INFO  com.cygnet.ourdrive.OurDriveService - Closing application and cleanup C:\Users\Cygnet Cloud\.ourdrive\/ourdrive_downloads
2016-09-06 10:33:07,032 [main] INFO  com.cygnet.ourdrive.OurDriveService - Stopped monitoring folder: C:\Users\Cygnet Cloud\Desktop\Cygnet Cloud Folder Upload
2016-09-06 10:33:07,048 [main] INFO  com.cygnet.ourdrive.OurDriveService - Stopped monitoring folder: C:\Users\Cygnet Cloud\Desktop\Cygnet Cloud Intray
2016-09-06 10:33:07,079 [main] INFO  com.cygnet.ourdrive.OurDriveService - OurDrive service stopped
